2026-05-02 03:21:24,406 - main - INFO - === Logging system initialized ===
2026-05-02 03:21:24,406 - main - INFO - Log file: logs/app_20260502_032124.log
2026-05-02 03:21:24,406 - main - INFO - Log level: INFO
2026-05-02 03:21:24,406 - main - INFO - Timestamp: 20260502_032124
2026-05-02 03:21:25,415 - main - INFO - Included router: routers.aihub.router
2026-05-02 03:21:25,436 - main - INFO - Included router: routers.auth.router
2026-05-02 03:21:25,486 - main - INFO - Included router: routers.camera_streams.router
2026-05-02 03:21:25,528 - main - INFO - Included router: routers.environment_groups.router
2026-05-02 03:21:25,582 - main - INFO - Included router: routers.facial_recognition_records.router
2026-05-02 03:21:25,584 - main - INFO - Included router: routers.health.router
2026-05-02 03:21:25,625 - main - INFO - Included router: routers.monitoring_events.router
2026-05-02 03:21:25,671 - main - INFO - Included router: routers.monitoring_zones.router
2026-05-02 03:21:25,712 - main - INFO - Included router: routers.sector_group_assignments.router
2026-05-02 03:21:25,754 - main - INFO - Included router: routers.sectors.router
2026-05-02 03:21:25,776 - main - INFO - Included router: routers.settings.router
2026-05-02 03:21:25,811 - main - INFO - Included router: routers.storage.router
2026-05-02 03:21:25,921 - main - INFO - Included router: routers.stream_converter.router
2026-05-02 03:21:25,930 - main - INFO - Included router: routers.user.router
2026-05-02 03:21:25,931 - main - INFO - === Application startup initiated ===
2026-05-02 03:21:25,931 - services.database - INFO - Ignore creating tables
2026-05-02 03:21:25,931 - services.mock_data - INFO - Ignore initialize data
2026-05-02 03:21:25,931 - services.auth - INFO - Ignore initialize admin
2026-05-02 03:21:25,931 - main - INFO - === Application startup completed successfully ===
2026-05-02 03:21:49,173 - core.database - DEBUG - [DB_OP] Starting get_db session creation
2026-05-02 03:21:49,173 - core.database - WARNING - Database session maker not available, attempting lazy initialization...
2026-05-02 03:21:49,173 - core.database - WARNING - Database not initialized, attempting lazy initialization...
2026-05-02 03:21:49,174 - core.database - INFO - Starting database initialization...
2026-05-02 03:21:49,174 - core.config - DEBUG - Read dynamic attribute database_url from environment variable DATABASE_URL
2026-05-02 03:21:49,174 - core.database - INFO - Normalizing database URL for async compatibility...
2026-05-02 03:21:49,175 - core.database - INFO - Creating async database engine...
2026-05-02 03:21:49,175 - core.database - INFO - Using QueuePool with connection pooling for non-Lambda environment
2026-05-02 03:21:49,216 - core.database - INFO - Database engine created successfully
2026-05-02 03:21:49,216 - core.database - INFO - Creating async session maker...
2026-05-02 03:21:49,216 - core.database - INFO - Async session maker created successfully
2026-05-02 03:21:49,217 - core.database - INFO - Database connection initialized successfully
2026-05-02 03:21:49,217 - core.database - DEBUG - [DB_OP] Starting create_tables
2026-05-02 03:21:49,217 - core.database - INFO - 🔧 Starting table creation...
2026-05-02 03:21:49,225 - core.database - DEBUG - [DB_OP] Starting get_db session creation
2026-05-02 03:21:49,225 - core.database - DEBUG - [DB_OP] Database session created successfully in 0.0004s
2026-05-02 03:21:49,226 - routers.monitoring_events - DEBUG - Querying monitoring_eventss: query={}, sort=-timestamp, skip=0, limit=500, fields=None
2026-05-02 03:21:50,662 - routers.monitoring_events - DEBUG - Found 30 monitoring_eventss
2026-05-02 03:21:50,663 - core.database - DEBUG - [DB_OP] Database session cleanup after 1.4388s
2026-05-02 03:21:50,970 - core.database - INFO - Tables initialized successfully
2026-05-02 03:21:50,971 - core.database - DEBUG - [DB_OP] Create tables completed in 1.7539s
2026-05-02 03:21:51,034 - core.database - INFO - Lazy database initialization completed successfully
2026-05-02 03:21:51,035 - core.database - DEBUG - [DB_OP] Database session created successfully in 1.8623s
2026-05-02 03:21:51,036 - routers.monitoring_zones - DEBUG - Querying monitoring_zoness: query={}, sort=None, skip=0, limit=50, fields=None
2026-05-02 03:21:51,603 - routers.monitoring_zones - DEBUG - Found 6 monitoring_zoness
2026-05-02 03:21:51,604 - core.database - DEBUG - [DB_OP] Database session cleanup after 2.4313s
2026-05-02 03:30:00,974 - core.database - DEBUG - [DB_OP] Starting get_db session creation
2026-05-02 03:30:00,975 - core.database - DEBUG - [DB_OP] Database session created successfully in 0.0008s
2026-05-02 03:30:00,976 - routers.monitoring_zones - DEBUG - Querying monitoring_zoness: query={}, sort=None, skip=0, limit=50, fields=None
2026-05-02 03:30:00,980 - core.database - DEBUG - [DB_OP] Starting get_db session creation
2026-05-02 03:30:00,980 - core.database - DEBUG - [DB_OP] Database session created successfully in 0.0007s
2026-05-02 03:30:00,981 - routers.monitoring_events - DEBUG - Querying monitoring_eventss: query={}, sort=-timestamp, skip=0, limit=500, fields=None
2026-05-02 03:30:02,296 - routers.monitoring_zones - DEBUG - Found 6 monitoring_zoness
2026-05-02 03:30:02,296 - core.database - DEBUG - [DB_OP] Database session cleanup after 1.3226s
2026-05-02 03:30:02,358 - routers.monitoring_events - DEBUG - Found 30 monitoring_eventss
2026-05-02 03:30:02,359 - core.database - DEBUG - [DB_OP] Database session cleanup after 1.3790s
2026-05-02 03:32:36,761 - core.database - DEBUG - [DB_OP] Starting get_db session creation
2026-05-02 03:32:36,762 - core.database - DEBUG - [DB_OP] Database session created successfully in 0.0004s
2026-05-02 03:32:36,763 - routers.camera_streams - DEBUG - Querying camera_streamss: query={}, sort=None, skip=0, limit=50, fields=None
2026-05-02 03:32:36,764 - core.database - DEBUG - [DB_OP] Starting get_db session creation
2026-05-02 03:32:36,764 - core.database - DEBUG - [DB_OP] Database session created successfully in 0.0004s
2026-05-02 03:32:36,765 - routers.monitoring_zones - DEBUG - Querying monitoring_zoness: query={}, sort=None, skip=0, limit=50, fields=None
2026-05-02 03:32:37,329 - routers.monitoring_zones - DEBUG - Found 6 monitoring_zoness
2026-05-02 03:32:37,329 - core.database - DEBUG - [DB_OP] Database session cleanup after 0.5655s
2026-05-02 03:32:37,336 - routers.camera_streams - DEBUG - Found 6 camera_streamss
2026-05-02 03:32:37,337 - core.database - DEBUG - [DB_OP] Database session cleanup after 0.5760s
2026-05-02 03:35:43,004 - core.database - DEBUG - [DB_OP] Starting get_db session creation
2026-05-02 03:35:43,005 - core.database - DEBUG - [DB_OP] Database session created successfully in 0.0004s
2026-05-02 03:35:43,005 - routers.monitoring_events - DEBUG - Querying monitoring_eventss: query={}, sort=-timestamp, skip=0, limit=500, fields=None
2026-05-02 03:35:43,006 - core.database - DEBUG - [DB_OP] Starting get_db session creation
2026-05-02 03:35:43,006 - core.database - DEBUG - [DB_OP] Database session created successfully in 0.0002s
2026-05-02 03:35:43,007 - routers.monitoring_zones - DEBUG - Querying monitoring_zoness: query={}, sort=None, skip=0, limit=50, fields=None
2026-05-02 03:35:43,381 - routers.monitoring_zones - DEBUG - Found 6 monitoring_zoness
2026-05-02 03:35:43,381 - core.database - DEBUG - [DB_OP] Database session cleanup after 0.3751s
2026-05-02 03:35:43,444 - routers.monitoring_events - DEBUG - Found 30 monitoring_eventss
2026-05-02 03:35:43,445 - core.database - DEBUG - [DB_OP] Database session cleanup after 0.4411s
2026-05-02 03:40:19,862 - services.database - DEBUG - [DB_OP] Starting database close
2026-05-02 03:40:19,997 - core.database - INFO - Database connection closed and engine disposed
2026-05-02 03:40:19,997 - services.database - INFO - Database connections closed
2026-05-02 03:40:19,997 - services.database - DEBUG - [DB_OP] Database close completed in 0.1353s
