2026-05-02 03:40:24,980 - main - INFO - === Logging system initialized ===
2026-05-02 03:40:24,980 - main - INFO - Log file: logs/app_20260502_034024.log
2026-05-02 03:40:24,980 - main - INFO - Log level: INFO
2026-05-02 03:40:24,980 - main - INFO - Timestamp: 20260502_034024
2026-05-02 03:40:25,806 - main - INFO - Included router: routers.aihub.router
2026-05-02 03:40:25,826 - main - INFO - Included router: routers.auth.router
2026-05-02 03:40:25,873 - main - INFO - Included router: routers.camera_streams.router
2026-05-02 03:40:25,920 - main - INFO - Included router: routers.environment_groups.router
2026-05-02 03:40:25,968 - main - INFO - Included router: routers.facial_recognition_records.router
2026-05-02 03:40:25,971 - main - INFO - Included router: routers.health.router
2026-05-02 03:40:26,016 - main - INFO - Included router: routers.monitoring_events.router
2026-05-02 03:40:26,071 - main - INFO - Included router: routers.monitoring_zones.router
2026-05-02 03:40:26,096 - main - INFO - Included router: routers.rtsp_snapshot.router
2026-05-02 03:40:26,134 - main - INFO - Included router: routers.sector_group_assignments.router
2026-05-02 03:40:26,175 - main - INFO - Included router: routers.sectors.router
2026-05-02 03:40:26,199 - main - INFO - Included router: routers.settings.router
2026-05-02 03:40:26,357 - main - INFO - Included router: routers.storage.router
2026-05-02 03:40:26,374 - main - INFO - Included router: routers.stream_converter.router
2026-05-02 03:40:26,382 - main - INFO - Included router: routers.user.router
2026-05-02 03:40:26,384 - main - INFO - === Application startup initiated ===
2026-05-02 03:40:26,384 - services.database - INFO - Ignore creating tables
2026-05-02 03:40:26,384 - services.mock_data - INFO - Ignore initialize data
2026-05-02 03:40:26,384 - services.auth - INFO - Ignore initialize admin
2026-05-02 03:40:26,384 - main - INFO - === Application startup completed successfully ===
2026-05-02 03:41:37,184 - core.database - DEBUG - [DB_OP] Starting get_db session creation
2026-05-02 03:41:37,184 - core.database - WARNING - Database session maker not available, attempting lazy initialization...
2026-05-02 03:41:37,184 - core.database - WARNING - Database not initialized, attempting lazy initialization...
2026-05-02 03:41:37,184 - core.database - INFO - Starting database initialization...
2026-05-02 03:41:37,185 - core.config - DEBUG - Read dynamic attribute database_url from environment variable DATABASE_URL
2026-05-02 03:41:37,185 - core.database - INFO - Normalizing database URL for async compatibility...
2026-05-02 03:41:37,185 - core.database - INFO - Creating async database engine...
2026-05-02 03:41:37,186 - core.database - INFO - Using QueuePool with connection pooling for non-Lambda environment
2026-05-02 03:41:37,239 - core.database - INFO - Database engine created successfully
2026-05-02 03:41:37,239 - core.database - INFO - Creating async session maker...
2026-05-02 03:41:37,239 - core.database - INFO - Async session maker created successfully
2026-05-02 03:41:37,239 - core.database - INFO - Database connection initialized successfully
2026-05-02 03:41:37,239 - core.database - DEBUG - [DB_OP] Starting create_tables
2026-05-02 03:41:37,239 - core.database - INFO - 🔧 Starting table creation...
2026-05-02 03:41:37,245 - core.database - DEBUG - [DB_OP] Starting get_db session creation
2026-05-02 03:41:37,245 - core.database - DEBUG - [DB_OP] Database session created successfully in 0.0002s
2026-05-02 03:41:37,245 - routers.monitoring_zones - DEBUG - Querying monitoring_zoness: query={}, sort=None, skip=0, limit=50, fields=None
2026-05-02 03:41:38,641 - routers.monitoring_zones - DEBUG - Found 6 monitoring_zoness
2026-05-02 03:41:38,642 - core.database - DEBUG - [DB_OP] Database session cleanup after 1.3974s
2026-05-02 03:41:39,014 - core.database - INFO - Tables initialized successfully
2026-05-02 03:41:39,015 - core.database - DEBUG - [DB_OP] Create tables completed in 1.7759s
2026-05-02 03:41:39,079 - core.database - INFO - Lazy database initialization completed successfully
2026-05-02 03:41:39,080 - core.database - DEBUG - [DB_OP] Database session created successfully in 1.8955s
2026-05-02 03:41:39,081 - routers.monitoring_events - DEBUG - Querying monitoring_eventss: query={}, sort=-timestamp, skip=0, limit=500, fields=None
2026-05-02 03:41:39,720 - routers.monitoring_events - DEBUG - Found 30 monitoring_eventss
2026-05-02 03:41:39,722 - core.database - DEBUG - [DB_OP] Database session cleanup after 2.5377s
2026-05-02 03:42:15,531 - core.database - DEBUG - [DB_OP] Starting get_db session creation
2026-05-02 03:42:15,532 - core.database - DEBUG - [DB_OP] Database session created successfully in 0.0009s
2026-05-02 03:42:15,533 - routers.monitoring_events - DEBUG - Querying monitoring_eventss: query={}, sort=-timestamp, skip=0, limit=500, fields=None
2026-05-02 03:42:15,535 - core.database - DEBUG - [DB_OP] Starting get_db session creation
2026-05-02 03:42:15,535 - core.database - DEBUG - [DB_OP] Database session created successfully in 0.0007s
2026-05-02 03:42:15,536 - routers.monitoring_zones - DEBUG - Querying monitoring_zoness: query={}, sort=None, skip=0, limit=50, fields=None
2026-05-02 03:42:15,922 - routers.monitoring_zones - DEBUG - Found 6 monitoring_zoness
2026-05-02 03:42:15,923 - core.database - DEBUG - [DB_OP] Database session cleanup after 0.3887s
2026-05-02 03:42:16,165 - routers.monitoring_events - DEBUG - Found 30 monitoring_eventss
2026-05-02 03:42:16,166 - core.database - DEBUG - [DB_OP] Database session cleanup after 0.6345s
2026-05-02 03:42:56,084 - services.database - DEBUG - [DB_OP] Starting database close
2026-05-02 03:42:56,228 - core.database - INFO - Database connection closed and engine disposed
2026-05-02 03:42:56,228 - services.database - INFO - Database connections closed
2026-05-02 03:42:56,228 - services.database - DEBUG - [DB_OP] Database close completed in 0.1442s
