2026-05-01 17:31:11,253 - main - INFO - === Logging system initialized ===
2026-05-01 17:31:11,253 - main - INFO - Log file: logs/app_20260501_173111.log
2026-05-01 17:31:11,253 - main - INFO - Log level: INFO
2026-05-01 17:31:11,253 - main - INFO - Timestamp: 20260501_173111
2026-05-01 17:31:16,407 - main - INFO - Included router: routers.aihub.router
2026-05-01 17:31:16,582 - main - INFO - Included router: routers.auth.router
2026-05-01 17:31:16,613 - main - INFO - Included router: routers.health.router
2026-05-01 17:31:16,653 - main - INFO - Included router: routers.settings.router
2026-05-01 17:31:16,848 - main - INFO - Included router: routers.storage.router
2026-05-01 17:31:16,921 - main - INFO - Included router: routers.user.router
2026-05-01 17:31:16,923 - main - INFO - === Application startup initiated ===
2026-05-01 17:31:16,923 - services.database - INFO - Ignore creating tables
2026-05-01 17:31:16,924 - services.mock_data - INFO - Ignore initialize data
2026-05-01 17:31:16,924 - services.auth - INFO - Ignore initialize admin
2026-05-01 17:31:16,924 - main - INFO - === Application startup completed successfully ===
2026-05-01 17:31:28,231 - core.database - DEBUG - [DB_OP] Starting get_db session creation
2026-05-01 17:31:28,232 - core.database - WARNING - Database session maker not available, attempting lazy initialization...
2026-05-01 17:31:28,232 - core.database - WARNING - Database not initialized, attempting lazy initialization...
2026-05-01 17:31:28,232 - core.database - INFO - Starting database initialization...
2026-05-01 17:31:28,233 - core.config - DEBUG - Read dynamic attribute database_url from environment variable DATABASE_URL
2026-05-01 17:31:28,233 - core.database - INFO - Normalizing database URL for async compatibility...
2026-05-01 17:31:28,234 - core.database - INFO - Creating async database engine...
2026-05-01 17:31:28,234 - core.database - INFO - Using QueuePool with connection pooling for non-Lambda environment
2026-05-01 17:31:28,458 - core.database - INFO - Database engine created successfully
2026-05-01 17:31:28,458 - core.database - INFO - Creating async session maker...
2026-05-01 17:31:28,459 - core.database - INFO - Async session maker created successfully
2026-05-01 17:31:28,459 - core.database - INFO - Database connection initialized successfully
2026-05-01 17:31:28,459 - core.database - DEBUG - [DB_OP] Starting create_tables
2026-05-01 17:31:28,459 - core.database - INFO - 🔧 Starting table creation...
2026-05-01 17:31:28,536 - core.database - DEBUG - [DB_OP] Starting get_db session creation
2026-05-01 17:31:28,537 - core.database - DEBUG - [DB_OP] Database session created successfully in 0.0004s
2026-05-01 17:31:28,537 - routers.auth - INFO - [token/exchange] Received platform token exchange request
2026-05-01 17:31:28,538 - core.config - DEBUG - Read dynamic attribute oidc_issuer_url from environment variable OIDC_ISSUER_URL
2026-05-01 17:31:28,538 - routers.auth - DEBUG - [token/exchange] Verifying token with issuer: https://auth.atoms.dev/api/v1/oidc/platform/tokens/verify
2026-05-01 17:31:28,893 - httpcore.connection - DEBUG - connect_tcp.started host='auth.atoms.dev' port=443 local_address=None timeout=5.0 socket_options=None
2026-05-01 17:31:28,931 - httpcore.connection - DEBUG - connect_tcp.complete return_value=<httpcore._backends.anyio.AnyIOStream object at 0x7f7e006c3fd0>
2026-05-01 17:31:28,931 - httpcore.connection - DEBUG - start_tls.started ssl_context=<ssl.SSLContext object at 0x7f7e006470c0> server_hostname='auth.atoms.dev' timeout=5.0
2026-05-01 17:31:28,938 - httpcore.connection - DEBUG - start_tls.complete return_value=<httpcore._backends.anyio.AnyIOStream object at 0x7f7e006b3310>
2026-05-01 17:31:28,939 - httpcore.http11 - DEBUG - send_request_headers.started request=<Request [b'POST']>
2026-05-01 17:31:28,939 - httpcore.http11 - DEBUG - send_request_headers.complete
2026-05-01 17:31:28,940 - httpcore.http11 - DEBUG - send_request_body.started request=<Request [b'POST']>
2026-05-01 17:31:28,940 - httpcore.http11 - DEBUG - send_request_body.complete
2026-05-01 17:31:28,941 - httpcore.http11 - DEBUG - receive_response_headers.started request=<Request [b'POST']>
2026-05-01 17:31:28,973 - httpcore.http11 - DEBUG - receive_response_headers.complete return_value=(b'HTTP/1.1', 200, b'OK', [(b'Date', b'Sat, 02 May 2026 00:31:28 GMT'), (b'Content-Type', b'application/json'), (b'Transfer-Encoding', b'chunked'), (b'Connection', b'keep-alive'), (b'x-response-time', b'0.001s'), (b'x-request-id', b'6fdec5ffca4ff30052226dd0ceba3a22'), (b'cf-cache-status', b'DYNAMIC'), (b'Content-Encoding', b'gzip'), (b'Server', b'cloudflare'), (b'CF-RAY', b'9f52ec5deba0265a-LAX')])
2026-05-01 17:31:28,974 - httpx - INFO - HTTP Request: POST https://auth.atoms.dev/api/v1/oidc/platform/tokens/verify "HTTP/1.1 200 OK"
2026-05-01 17:31:28,974 - httpcore.http11 - DEBUG - receive_response_body.started request=<Request [b'POST']>
2026-05-01 17:31:29,042 - httpcore.http11 - DEBUG - receive_response_body.complete
2026-05-01 17:31:29,042 - httpcore.http11 - DEBUG - response_closed.started
2026-05-01 17:31:29,043 - httpcore.http11 - DEBUG - response_closed.complete
2026-05-01 17:31:29,043 - httpcore.connection - DEBUG - close.started
2026-05-01 17:31:29,044 - httpcore.connection - DEBUG - close.complete
2026-05-01 17:31:29,044 - routers.auth - DEBUG - [token/exchange] Issuer response status: 200
2026-05-01 17:31:29,044 - routers.auth - DEBUG - [token/exchange] Issuer response body: {'success': True, 'data': {'exp': 1780273117, 'user_id': 1177803, 'email': 'marcosporto13@gmail.com', 'pv': 0}, 'message': 'Platform token verified', 'code': 0, 'timestamp': '2026-05-02T00:31:28.969228'}
2026-05-01 17:31:29,045 - routers.auth - INFO - [token/exchange] Token verified, platform_user_id=1177803, email=marcosporto13@gmail.com
2026-05-01 17:31:29,045 - core.config - DEBUG - Read dynamic attribute admin_user_id from environment variable ADMIN_USER_ID
2026-05-01 17:31:29,045 - routers.auth - INFO - [token/exchange] User verified: platform_user_id=1177803, role=admin
2026-05-01 17:31:29,046 - routers.auth - DEBUG - [token/exchange] User object for token issuance: id=1177803, email=marcosporto13@gmail.com, role=admin
2026-05-01 17:31:29,046 - core.config - DEBUG - Read dynamic attribute jwt_expire_minutes from environment variable JWT_EXPIRE_MINUTES
2026-05-01 17:31:29,047 - core.config - DEBUG - Read dynamic attribute jwt_secret_key from environment variable JWT_SECRET_KEY
2026-05-01 17:31:29,047 - core.config - DEBUG - Read dynamic attribute jwt_algorithm from environment variable JWT_ALGORITHM
2026-05-01 17:31:29,085 - core.auth - DEBUG - Authentication token created for user hash: 33c433d4
2026-05-01 17:31:29,085 - routers.auth - INFO - [token/exchange] Token issued successfully for user_id=1177803, expires_at=2026-06-01 00:31:29.047090+00:00
2026-05-01 17:31:29,086 - core.database - DEBUG - [DB_OP] Database session cleanup after 0.5499s
2026-05-01 17:31:30,147 - core.database - INFO - Tables initialized successfully
2026-05-01 17:31:30,147 - core.database - DEBUG - [DB_OP] Create tables completed in 1.6877s
2026-05-01 17:31:30,210 - core.database - INFO - Lazy database initialization completed successfully
2026-05-01 17:31:30,210 - core.database - DEBUG - [DB_OP] Database session created successfully in 1.9788s
2026-05-01 17:31:30,211 - routers.auth - INFO - [token/exchange] Received platform token exchange request
2026-05-01 17:31:30,211 - routers.auth - DEBUG - [token/exchange] Verifying token with issuer: https://auth.atoms.dev/api/v1/oidc/platform/tokens/verify
2026-05-01 17:31:30,239 - httpcore.connection - DEBUG - connect_tcp.started host='auth.atoms.dev' port=443 local_address=None timeout=5.0 socket_options=None
2026-05-01 17:31:30,256 - httpcore.connection - DEBUG - connect_tcp.complete return_value=<httpcore._backends.anyio.AnyIOStream object at 0x7f7dfd6174f0>
2026-05-01 17:31:30,256 - httpcore.connection - DEBUG - start_tls.started ssl_context=<ssl.SSLContext object at 0x7f7e006874c0> server_hostname='auth.atoms.dev' timeout=5.0
2026-05-01 17:31:30,265 - httpcore.connection - DEBUG - start_tls.complete return_value=<httpcore._backends.anyio.AnyIOStream object at 0x7f7dfd616f20>
2026-05-01 17:31:30,265 - httpcore.http11 - DEBUG - send_request_headers.started request=<Request [b'POST']>
2026-05-01 17:31:30,266 - httpcore.http11 - DEBUG - send_request_headers.complete
2026-05-01 17:31:30,266 - httpcore.http11 - DEBUG - send_request_body.started request=<Request [b'POST']>
2026-05-01 17:31:30,266 - httpcore.http11 - DEBUG - send_request_body.complete
2026-05-01 17:31:30,266 - httpcore.http11 - DEBUG - receive_response_headers.started request=<Request [b'POST']>
2026-05-01 17:31:30,337 - httpcore.http11 - DEBUG - receive_response_headers.complete return_value=(b'HTTP/1.1', 200, b'OK', [(b'Date', b'Sat, 02 May 2026 00:31:30 GMT'), (b'Content-Type', b'application/json'), (b'Transfer-Encoding', b'chunked'), (b'Connection', b'keep-alive'), (b'x-response-time', b'0.002s'), (b'x-request-id', b'db185e8f5669f7fc8ce8b51a5ad9a05c'), (b'cf-cache-status', b'DYNAMIC'), (b'Content-Encoding', b'gzip'), (b'Server', b'cloudflare'), (b'CF-RAY', b'9f52ec662f09e9df-LAX')])
2026-05-01 17:31:30,338 - httpx - INFO - HTTP Request: POST https://auth.atoms.dev/api/v1/oidc/platform/tokens/verify "HTTP/1.1 200 OK"
2026-05-01 17:31:30,338 - httpcore.http11 - DEBUG - receive_response_body.started request=<Request [b'POST']>
2026-05-01 17:31:30,339 - httpcore.http11 - DEBUG - receive_response_body.complete
2026-05-01 17:31:30,339 - httpcore.http11 - DEBUG - response_closed.started
2026-05-01 17:31:30,339 - httpcore.http11 - DEBUG - response_closed.complete
2026-05-01 17:31:30,340 - httpcore.connection - DEBUG - close.started
2026-05-01 17:31:30,340 - httpcore.connection - DEBUG - close.complete
2026-05-01 17:31:30,340 - routers.auth - DEBUG - [token/exchange] Issuer response status: 200
2026-05-01 17:31:30,340 - routers.auth - DEBUG - [token/exchange] Issuer response body: {'success': True, 'data': {'exp': 1780273117, 'user_id': 1177803, 'email': 'marcosporto13@gmail.com', 'pv': 0}, 'message': 'Platform token verified', 'code': 0, 'timestamp': '2026-05-02T00:31:30.332653'}
2026-05-01 17:31:30,340 - routers.auth - INFO - [token/exchange] Token verified, platform_user_id=1177803, email=marcosporto13@gmail.com
2026-05-01 17:31:30,340 - routers.auth - INFO - [token/exchange] User verified: platform_user_id=1177803, role=admin
2026-05-01 17:31:30,341 - routers.auth - DEBUG - [token/exchange] User object for token issuance: id=1177803, email=marcosporto13@gmail.com, role=admin
2026-05-01 17:31:30,341 - core.auth - DEBUG - Authentication token created for user hash: 33c433d4
2026-05-01 17:31:30,341 - routers.auth - INFO - [token/exchange] Token issued successfully for user_id=1177803, expires_at=2026-06-01 00:31:30.341425+00:00
2026-05-01 17:31:30,342 - core.database - DEBUG - [DB_OP] Database session cleanup after 2.1105s
2026-05-01 17:36:20,051 - services.database - DEBUG - [DB_OP] Starting database close
2026-05-01 17:36:20,118 - core.database - INFO - Database connection closed and engine disposed
2026-05-01 17:36:20,118 - services.database - INFO - Database connections closed
2026-05-01 17:36:20,119 - services.database - DEBUG - [DB_OP] Database close completed in 0.0674s
