2026-05-02 01:48:04,634 - main - INFO - === Logging system initialized ===
2026-05-02 01:48:04,634 - main - INFO - Log file: logs/app_20260502_014804.log
2026-05-02 01:48:04,634 - main - INFO - Log level: INFO
2026-05-02 01:48:04,635 - main - INFO - Timestamp: 20260502_014804
2026-05-02 01:48:05,640 - main - INFO - Included router: routers.aihub.router
2026-05-02 01:48:05,688 - main - INFO - Included router: routers.auth.router
2026-05-02 01:48:05,748 - main - INFO - Included router: routers.camera_streams.router
2026-05-02 01:48:05,810 - main - INFO - Included router: routers.environment_groups.router
2026-05-02 01:48:05,871 - main - INFO - Included router: routers.facial_recognition_records.router
2026-05-02 01:48:05,876 - main - INFO - Included router: routers.health.router
2026-05-02 01:48:05,924 - main - INFO - Included router: routers.monitoring_events.router
2026-05-02 01:48:05,971 - main - INFO - Included router: routers.monitoring_zones.router
2026-05-02 01:48:06,020 - main - INFO - Included router: routers.sector_group_assignments.router
2026-05-02 01:48:06,080 - main - INFO - Included router: routers.sectors.router
2026-05-02 01:48:06,107 - main - INFO - Included router: routers.settings.router
2026-05-02 01:48:06,153 - main - INFO - Included router: routers.storage.router
2026-05-02 01:48:06,288 - main - INFO - Included router: routers.user.router
2026-05-02 01:48:06,290 - main - INFO - === Application startup initiated ===
2026-05-02 01:48:06,290 - services.database - INFO - Ignore creating tables
2026-05-02 01:48:06,290 - services.mock_data - INFO - Ignore initialize data
2026-05-02 01:48:06,290 - services.auth - INFO - Ignore initialize admin
2026-05-02 01:48:06,291 - main - INFO - === Application startup completed successfully ===
2026-05-02 01:48:13,578 - core.database - DEBUG - [DB_OP] Starting get_db session creation
2026-05-02 01:48:13,578 - core.database - WARNING - Database session maker not available, attempting lazy initialization...
2026-05-02 01:48:13,578 - core.database - WARNING - Database not initialized, attempting lazy initialization...
2026-05-02 01:48:13,578 - core.database - INFO - Starting database initialization...
2026-05-02 01:48:13,578 - core.config - DEBUG - Read dynamic attribute database_url from environment variable DATABASE_URL
2026-05-02 01:48:13,579 - core.database - INFO - Normalizing database URL for async compatibility...
2026-05-02 01:48:13,580 - core.database - INFO - Creating async database engine...
2026-05-02 01:48:13,580 - core.database - INFO - Using QueuePool with connection pooling for non-Lambda environment
2026-05-02 01:48:13,630 - core.database - INFO - Database engine created successfully
2026-05-02 01:48:13,631 - core.database - INFO - Creating async session maker...
2026-05-02 01:48:13,631 - core.database - INFO - Async session maker created successfully
2026-05-02 01:48:13,631 - core.database - INFO - Database connection initialized successfully
2026-05-02 01:48:13,631 - core.database - DEBUG - [DB_OP] Starting create_tables
2026-05-02 01:48:13,631 - core.database - INFO - 🔧 Starting table creation...
2026-05-02 01:48:13,641 - core.database - DEBUG - [DB_OP] Starting get_db session creation
2026-05-02 01:48:13,641 - core.database - DEBUG - [DB_OP] Database session created successfully in 0.0003s
2026-05-02 01:48:13,641 - routers.monitoring_events - DEBUG - Querying monitoring_eventss: query={}, sort=-timestamp, skip=0, limit=500, fields=None
2026-05-02 01:48:15,081 - routers.monitoring_events - DEBUG - Found 30 monitoring_eventss
2026-05-02 01:48:15,082 - core.database - DEBUG - [DB_OP] Database session cleanup after 1.4412s
2026-05-02 01:48:15,404 - core.database - INFO - Tables initialized successfully
2026-05-02 01:48:15,404 - core.database - DEBUG - [DB_OP] Create tables completed in 1.7735s
2026-05-02 01:48:15,469 - core.database - INFO - Lazy database initialization completed successfully
2026-05-02 01:48:15,469 - core.database - DEBUG - [DB_OP] Database session created successfully in 1.8918s
2026-05-02 01:48:15,470 - routers.monitoring_zones - DEBUG - Querying monitoring_zoness: query={}, sort=None, skip=0, limit=50, fields=None
2026-05-02 01:48:16,037 - routers.monitoring_zones - DEBUG - Found 6 monitoring_zoness
2026-05-02 01:48:16,039 - core.database - DEBUG - [DB_OP] Database session cleanup after 2.4609s
2026-05-02 01:48:28,604 - services.database - DEBUG - [DB_OP] Starting database close
2026-05-02 01:48:28,736 - core.database - INFO - Database connection closed and engine disposed
2026-05-02 01:48:28,736 - services.database - INFO - Database connections closed
2026-05-02 01:48:28,737 - services.database - DEBUG - [DB_OP] Database close completed in 0.1324s
