2026-05-02 01:48:41,407 - main - INFO - === Logging system initialized ===
2026-05-02 01:48:41,407 - main - INFO - Log file: logs/app_20260502_014841.log
2026-05-02 01:48:41,408 - main - INFO - Log level: INFO
2026-05-02 01:48:41,408 - main - INFO - Timestamp: 20260502_014841
2026-05-02 01:48:42,466 - main - INFO - Included router: routers.aihub.router
2026-05-02 01:48:42,488 - main - INFO - Included router: routers.auth.router
2026-05-02 01:48:42,538 - main - INFO - Included router: routers.camera_streams.router
2026-05-02 01:48:42,589 - main - INFO - Included router: routers.environment_groups.router
2026-05-02 01:48:42,640 - main - INFO - Included router: routers.facial_recognition_records.router
2026-05-02 01:48:42,644 - main - INFO - Included router: routers.health.router
2026-05-02 01:48:42,695 - main - INFO - Included router: routers.monitoring_events.router
2026-05-02 01:48:42,743 - main - INFO - Included router: routers.monitoring_zones.router
2026-05-02 01:48:42,787 - main - INFO - Included router: routers.sector_group_assignments.router
2026-05-02 01:48:42,840 - main - INFO - Included router: routers.sectors.router
2026-05-02 01:48:42,861 - main - INFO - Included router: routers.settings.router
2026-05-02 01:48:42,900 - main - INFO - Included router: routers.storage.router
2026-05-02 01:48:43,003 - main - INFO - Included router: routers.user.router
2026-05-02 01:48:43,004 - main - INFO - === Application startup initiated ===
2026-05-02 01:48:43,004 - services.database - INFO - Ignore creating tables
2026-05-02 01:48:43,004 - services.mock_data - INFO - Ignore initialize data
2026-05-02 01:48:43,004 - services.auth - INFO - Ignore initialize admin
2026-05-02 01:48:43,005 - main - INFO - === Application startup completed successfully ===
2026-05-02 01:48:48,200 - core.database - DEBUG - [DB_OP] Starting get_db session creation
2026-05-02 01:48:48,200 - core.database - WARNING - Database session maker not available, attempting lazy initialization...
2026-05-02 01:48:48,200 - core.database - WARNING - Database not initialized, attempting lazy initialization...
2026-05-02 01:48:48,200 - core.database - INFO - Starting database initialization...
2026-05-02 01:48:48,200 - core.config - DEBUG - Read dynamic attribute database_url from environment variable DATABASE_URL
2026-05-02 01:48:48,201 - core.database - INFO - Normalizing database URL for async compatibility...
2026-05-02 01:48:48,202 - core.database - INFO - Creating async database engine...
2026-05-02 01:48:48,202 - core.database - INFO - Using QueuePool with connection pooling for non-Lambda environment
2026-05-02 01:48:48,256 - core.database - INFO - Database engine created successfully
2026-05-02 01:48:48,256 - core.database - INFO - Creating async session maker...
2026-05-02 01:48:48,256 - core.database - INFO - Async session maker created successfully
2026-05-02 01:48:48,256 - core.database - INFO - Database connection initialized successfully
2026-05-02 01:48:48,256 - core.database - DEBUG - [DB_OP] Starting create_tables
2026-05-02 01:48:48,256 - core.database - INFO - 🔧 Starting table creation...
2026-05-02 01:48:48,265 - core.database - DEBUG - [DB_OP] Starting get_db session creation
2026-05-02 01:48:48,265 - core.database - DEBUG - [DB_OP] Database session created successfully in 0.0005s
2026-05-02 01:48:48,266 - routers.monitoring_zones - DEBUG - Querying monitoring_zoness: query={}, sort=None, skip=0, limit=50, fields=None
2026-05-02 01:48:49,625 - routers.monitoring_zones - DEBUG - Found 6 monitoring_zoness
2026-05-02 01:48:49,626 - core.database - DEBUG - [DB_OP] Database session cleanup after 1.3607s
2026-05-02 01:48:50,004 - core.database - INFO - Tables initialized successfully
2026-05-02 01:48:50,005 - core.database - DEBUG - [DB_OP] Create tables completed in 1.7485s
2026-05-02 01:48:50,068 - core.database - INFO - Lazy database initialization completed successfully
2026-05-02 01:48:50,068 - core.database - DEBUG - [DB_OP] Database session created successfully in 1.8688s
2026-05-02 01:48:50,069 - routers.monitoring_events - DEBUG - Querying monitoring_eventss: query={}, sort=-timestamp, skip=0, limit=500, fields=None
2026-05-02 01:48:50,698 - routers.monitoring_events - DEBUG - Found 30 monitoring_eventss
2026-05-02 01:48:50,699 - core.database - DEBUG - [DB_OP] Database session cleanup after 2.4997s
2026-05-02 01:53:07,272 - core.database - DEBUG - [DB_OP] Starting get_db session creation
2026-05-02 01:53:07,272 - core.database - DEBUG - [DB_OP] Database session created successfully in 0.0005s
2026-05-02 01:53:07,273 - routers.monitoring_zones - DEBUG - Querying monitoring_zoness: query={}, sort=None, skip=0, limit=50, fields=None
2026-05-02 01:53:07,274 - core.database - DEBUG - [DB_OP] Starting get_db session creation
2026-05-02 01:53:07,274 - core.database - DEBUG - [DB_OP] Database session created successfully in 0.0002s
2026-05-02 01:53:07,275 - routers.monitoring_events - DEBUG - Querying monitoring_eventss: query={}, sort=-timestamp, skip=0, limit=500, fields=None
2026-05-02 01:53:07,712 - routers.monitoring_events - DEBUG - Found 30 monitoring_eventss
2026-05-02 01:53:07,713 - core.database - DEBUG - [DB_OP] Database session cleanup after 0.4392s
2026-05-02 01:53:07,841 - routers.monitoring_zones - DEBUG - Found 6 monitoring_zoness
2026-05-02 01:53:07,842 - core.database - DEBUG - [DB_OP] Database session cleanup after 0.5706s
2026-05-02 01:53:10,719 - core.database - DEBUG - [DB_OP] Starting get_db session creation
2026-05-02 01:53:10,720 - core.database - DEBUG - [DB_OP] Database session created successfully in 0.0005s
2026-05-02 01:53:10,720 - routers.monitoring_zones - DEBUG - Querying monitoring_zoness: query={}, sort=None, skip=0, limit=50, fields=None
2026-05-02 01:53:10,725 - core.database - DEBUG - [DB_OP] Starting get_db session creation
2026-05-02 01:53:10,726 - core.database - DEBUG - [DB_OP] Database session created successfully in 0.0002s
2026-05-02 01:53:10,726 - routers.camera_streams - DEBUG - Querying camera_streamss: query={}, sort=None, skip=0, limit=50, fields=None
2026-05-02 01:53:11,096 - routers.monitoring_zones - DEBUG - Found 6 monitoring_zoness
2026-05-02 01:53:11,097 - core.database - DEBUG - [DB_OP] Database session cleanup after 0.3778s
2026-05-02 01:53:11,301 - routers.camera_streams - DEBUG - Found 6 camera_streamss
2026-05-02 01:53:11,302 - core.database - DEBUG - [DB_OP] Database session cleanup after 0.5767s
2026-05-02 02:07:01,844 - core.database - DEBUG - [DB_OP] Starting get_db session creation
2026-05-02 02:07:01,846 - core.database - DEBUG - [DB_OP] Database session created successfully in 0.0029s
2026-05-02 02:07:01,847 - routers.monitoring_events - DEBUG - Querying monitoring_eventss: query={}, sort=-timestamp, skip=0, limit=500, fields=None
2026-05-02 02:07:01,850 - core.database - DEBUG - [DB_OP] Starting get_db session creation
2026-05-02 02:07:01,851 - core.database - DEBUG - [DB_OP] Database session created successfully in 0.0005s
2026-05-02 02:07:01,851 - routers.monitoring_zones - DEBUG - Querying monitoring_zoness: query={}, sort=None, skip=0, limit=50, fields=None
2026-05-02 02:07:03,723 - routers.monitoring_zones - DEBUG - Found 6 monitoring_zoness
2026-05-02 02:07:03,725 - core.database - DEBUG - [DB_OP] Database session cleanup after 1.8742s
2026-05-02 02:07:03,788 - routers.monitoring_events - DEBUG - Found 30 monitoring_eventss
2026-05-02 02:07:03,789 - core.database - DEBUG - [DB_OP] Database session cleanup after 1.9458s
2026-05-02 02:07:33,682 - core.database - DEBUG - [DB_OP] Starting get_db session creation
2026-05-02 02:07:33,683 - core.database - DEBUG - [DB_OP] Database session created successfully in 0.0006s
2026-05-02 02:07:33,683 - routers.monitoring_events - DEBUG - Querying monitoring_eventss: query={}, sort=-timestamp, skip=0, limit=500, fields=None
2026-05-02 02:07:33,686 - core.database - DEBUG - [DB_OP] Starting get_db session creation
2026-05-02 02:07:33,686 - core.database - DEBUG - [DB_OP] Database session created successfully in 0.0006s
2026-05-02 02:07:33,687 - routers.monitoring_zones - DEBUG - Querying monitoring_zoness: query={}, sort=None, skip=0, limit=50, fields=None
2026-05-02 02:07:34,263 - routers.monitoring_zones - DEBUG - Found 6 monitoring_zoness
2026-05-02 02:07:34,264 - core.database - DEBUG - [DB_OP] Database session cleanup after 0.5785s
2026-05-02 02:07:34,313 - routers.monitoring_events - DEBUG - Found 30 monitoring_eventss
2026-05-02 02:07:34,314 - core.database - DEBUG - [DB_OP] Database session cleanup after 0.6316s
2026-05-02 02:07:56,325 - core.database - DEBUG - [DB_OP] Starting get_db session creation
2026-05-02 02:07:56,325 - core.database - DEBUG - [DB_OP] Database session created successfully in 0.0006s
2026-05-02 02:07:56,326 - routers.monitoring_events - DEBUG - Querying monitoring_eventss: query={}, sort=-timestamp, skip=0, limit=500, fields=None
2026-05-02 02:07:56,328 - core.database - DEBUG - [DB_OP] Starting get_db session creation
2026-05-02 02:07:56,329 - core.database - DEBUG - [DB_OP] Database session created successfully in 0.0003s
2026-05-02 02:07:56,329 - routers.monitoring_zones - DEBUG - Querying monitoring_zoness: query={}, sort=None, skip=0, limit=50, fields=None
2026-05-02 02:07:56,707 - routers.monitoring_zones - DEBUG - Found 6 monitoring_zoness
2026-05-02 02:07:56,708 - core.database - DEBUG - [DB_OP] Database session cleanup after 0.3792s
2026-05-02 02:07:56,771 - routers.monitoring_events - DEBUG - Found 30 monitoring_eventss
2026-05-02 02:07:56,772 - core.database - DEBUG - [DB_OP] Database session cleanup after 0.4474s
2026-05-02 02:08:14,391 - services.database - DEBUG - [DB_OP] Starting database close
2026-05-02 02:08:14,526 - core.database - INFO - Database connection closed and engine disposed
2026-05-02 02:08:14,529 - services.database - INFO - Database connections closed
2026-05-02 02:08:14,529 - services.database - DEBUG - [DB_OP] Database close completed in 0.1383s
