2026-05-02 02:08:26,256 - main - INFO - === Logging system initialized ===
2026-05-02 02:08:26,257 - main - INFO - Log file: logs/app_20260502_020826.log
2026-05-02 02:08:26,257 - main - INFO - Log level: INFO
2026-05-02 02:08:26,257 - main - INFO - Timestamp: 20260502_020826
2026-05-02 02:08:27,622 - main - INFO - Included router: routers.aihub.router
2026-05-02 02:08:27,645 - main - INFO - Included router: routers.auth.router
2026-05-02 02:08:27,702 - main - INFO - Included router: routers.camera_streams.router
2026-05-02 02:08:27,746 - main - INFO - Included router: routers.environment_groups.router
2026-05-02 02:08:27,832 - main - INFO - Included router: routers.facial_recognition_records.router
2026-05-02 02:08:27,837 - main - INFO - Included router: routers.health.router
2026-05-02 02:08:27,888 - main - INFO - Included router: routers.monitoring_events.router
2026-05-02 02:08:27,946 - main - INFO - Included router: routers.monitoring_zones.router
2026-05-02 02:08:27,993 - main - INFO - Included router: routers.sector_group_assignments.router
2026-05-02 02:08:28,075 - main - INFO - Included router: routers.sectors.router
2026-05-02 02:08:28,103 - main - INFO - Included router: routers.settings.router
2026-05-02 02:08:28,158 - main - INFO - Included router: routers.storage.router
2026-05-02 02:08:28,324 - main - INFO - Included router: routers.user.router
2026-05-02 02:08:28,326 - main - INFO - === Application startup initiated ===
2026-05-02 02:08:28,326 - services.database - INFO - Ignore creating tables
2026-05-02 02:08:28,327 - services.mock_data - INFO - Ignore initialize data
2026-05-02 02:08:28,327 - services.auth - INFO - Ignore initialize admin
2026-05-02 02:08:28,328 - main - INFO - === Application startup completed successfully ===
2026-05-02 02:08:36,441 - core.database - DEBUG - [DB_OP] Starting get_db session creation
2026-05-02 02:08:36,441 - core.database - WARNING - Database session maker not available, attempting lazy initialization...
2026-05-02 02:08:36,441 - core.database - WARNING - Database not initialized, attempting lazy initialization...
2026-05-02 02:08:36,441 - core.database - INFO - Starting database initialization...
2026-05-02 02:08:36,442 - core.config - DEBUG - Read dynamic attribute database_url from environment variable DATABASE_URL
2026-05-02 02:08:36,442 - core.database - INFO - Normalizing database URL for async compatibility...
2026-05-02 02:08:36,444 - core.database - INFO - Creating async database engine...
2026-05-02 02:08:36,444 - core.database - INFO - Using QueuePool with connection pooling for non-Lambda environment
2026-05-02 02:08:36,493 - core.database - INFO - Database engine created successfully
2026-05-02 02:08:36,493 - core.database - INFO - Creating async session maker...
2026-05-02 02:08:36,493 - core.database - INFO - Async session maker created successfully
2026-05-02 02:08:36,494 - core.database - INFO - Database connection initialized successfully
2026-05-02 02:08:36,494 - core.database - DEBUG - [DB_OP] Starting create_tables
2026-05-02 02:08:36,494 - core.database - INFO - 🔧 Starting table creation...
2026-05-02 02:08:36,501 - core.database - DEBUG - [DB_OP] Starting get_db session creation
2026-05-02 02:08:36,501 - core.database - DEBUG - [DB_OP] Database session created successfully in 0.0004s
2026-05-02 02:08:36,502 - routers.monitoring_zones - DEBUG - Querying monitoring_zoness: query={}, sort=None, skip=0, limit=50, fields=None
2026-05-02 02:08:37,883 - routers.monitoring_zones - DEBUG - Found 6 monitoring_zoness
2026-05-02 02:08:37,885 - core.database - DEBUG - [DB_OP] Database session cleanup after 1.3842s
2026-05-02 02:08:38,273 - core.database - INFO - Tables initialized successfully
2026-05-02 02:08:38,274 - core.database - DEBUG - [DB_OP] Create tables completed in 1.7802s
2026-05-02 02:08:38,338 - core.database - INFO - Lazy database initialization completed successfully
2026-05-02 02:08:38,339 - core.database - DEBUG - [DB_OP] Database session created successfully in 1.8980s
2026-05-02 02:08:38,340 - routers.monitoring_events - DEBUG - Querying monitoring_eventss: query={}, sort=-timestamp, skip=0, limit=500, fields=None
2026-05-02 02:08:38,973 - routers.monitoring_events - DEBUG - Found 30 monitoring_eventss
2026-05-02 02:08:38,975 - core.database - DEBUG - [DB_OP] Database session cleanup after 2.5341s
2026-05-02 02:16:53,622 - core.database - DEBUG - [DB_OP] Starting get_db session creation
2026-05-02 02:16:53,622 - core.database - DEBUG - [DB_OP] Database session created successfully in 0.0006s
2026-05-02 02:16:53,623 - routers.monitoring_zones - DEBUG - Querying monitoring_zoness: query={}, sort=None, skip=0, limit=50, fields=None
2026-05-02 02:16:53,625 - core.database - DEBUG - [DB_OP] Starting get_db session creation
2026-05-02 02:16:53,625 - core.database - DEBUG - [DB_OP] Database session created successfully in 0.0002s
2026-05-02 02:16:53,626 - routers.monitoring_events - DEBUG - Querying monitoring_eventss: query={}, sort=-timestamp, skip=0, limit=20, fields=None
2026-05-02 02:16:53,631 - core.database - DEBUG - [DB_OP] Starting get_db session creation
2026-05-02 02:16:53,631 - core.database - DEBUG - [DB_OP] Database session created successfully in 0.0002s
2026-05-02 02:16:53,632 - routers.camera_streams - DEBUG - Querying camera_streamss: query={}, sort=None, skip=0, limit=50, fields=None
2026-05-02 02:16:55,005 - routers.monitoring_zones - DEBUG - Found 6 monitoring_zoness
2026-05-02 02:16:55,006 - core.database - DEBUG - [DB_OP] Database session cleanup after 1.3846s
2026-05-02 02:16:55,070 - routers.monitoring_events - DEBUG - Found 30 monitoring_eventss
2026-05-02 02:16:55,071 - core.database - DEBUG - [DB_OP] Database session cleanup after 1.4457s
2026-05-02 02:16:55,451 - routers.camera_streams - DEBUG - Found 6 camera_streamss
2026-05-02 02:16:55,452 - core.database - DEBUG - [DB_OP] Database session cleanup after 1.8215s
2026-05-02 02:17:40,283 - core.database - DEBUG - [DB_OP] Starting get_db session creation
2026-05-02 02:17:40,284 - core.database - DEBUG - [DB_OP] Database session created successfully in 0.0005s
2026-05-02 02:17:40,284 - routers.monitoring_zones - DEBUG - Querying monitoring_zoness: query={}, sort=None, skip=0, limit=50, fields=None
2026-05-02 02:17:40,286 - core.database - DEBUG - [DB_OP] Starting get_db session creation
2026-05-02 02:17:40,286 - core.database - DEBUG - [DB_OP] Database session created successfully in 0.0002s
2026-05-02 02:17:40,286 - routers.monitoring_events - DEBUG - Querying monitoring_eventss: query={}, sort=-timestamp, skip=0, limit=500, fields=None
2026-05-02 02:17:40,731 - routers.monitoring_zones - DEBUG - Found 6 monitoring_zoness
2026-05-02 02:17:40,732 - core.database - DEBUG - [DB_OP] Database session cleanup after 0.4485s
2026-05-02 02:17:40,795 - routers.monitoring_events - DEBUG - Found 30 monitoring_eventss
2026-05-02 02:17:40,796 - core.database - DEBUG - [DB_OP] Database session cleanup after 0.5107s
2026-05-02 02:39:42,322 - core.database - DEBUG - [DB_OP] Starting get_db session creation
2026-05-02 02:39:42,322 - core.database - DEBUG - [DB_OP] Database session created successfully in 0.0005s
2026-05-02 02:39:42,323 - routers.monitoring_events - DEBUG - Querying monitoring_eventss: query={}, sort=-timestamp, skip=0, limit=500, fields=None
2026-05-02 02:39:42,324 - core.database - DEBUG - [DB_OP] Starting get_db session creation
2026-05-02 02:39:42,326 - core.database - DEBUG - [DB_OP] Database session created successfully in 0.0022s
2026-05-02 02:39:42,327 - routers.monitoring_zones - DEBUG - Querying monitoring_zoness: query={}, sort=None, skip=0, limit=50, fields=None
2026-05-02 02:39:43,687 - routers.monitoring_zones - DEBUG - Found 6 monitoring_zoness
2026-05-02 02:39:43,688 - core.database - DEBUG - [DB_OP] Database session cleanup after 1.3636s
2026-05-02 02:39:43,748 - routers.monitoring_events - DEBUG - Found 30 monitoring_eventss
2026-05-02 02:39:43,749 - core.database - DEBUG - [DB_OP] Database session cleanup after 1.4275s
2026-05-02 02:40:15,133 - core.database - DEBUG - [DB_OP] Starting get_db session creation
2026-05-02 02:40:15,133 - core.database - DEBUG - [DB_OP] Database session created successfully in 0.0007s
2026-05-02 02:40:15,134 - routers.monitoring_events - DEBUG - Querying monitoring_eventss: query={}, sort=-timestamp, skip=0, limit=500, fields=None
2026-05-02 02:40:15,136 - core.database - DEBUG - [DB_OP] Starting get_db session creation
2026-05-02 02:40:15,137 - core.database - DEBUG - [DB_OP] Database session created successfully in 0.0006s
2026-05-02 02:40:15,137 - routers.monitoring_zones - DEBUG - Querying monitoring_zoness: query={}, sort=None, skip=0, limit=50, fields=None
2026-05-02 02:40:15,579 - routers.monitoring_zones - DEBUG - Found 6 monitoring_zoness
2026-05-02 02:40:15,580 - core.database - DEBUG - [DB_OP] Database session cleanup after 0.4438s
2026-05-02 02:40:15,951 - routers.monitoring_events - DEBUG - Found 30 monitoring_eventss
2026-05-02 02:40:15,953 - core.database - DEBUG - [DB_OP] Database session cleanup after 0.8199s
2026-05-02 02:40:23,154 - services.database - DEBUG - [DB_OP] Starting database close
2026-05-02 02:40:23,352 - core.database - INFO - Database connection closed and engine disposed
2026-05-02 02:40:23,353 - services.database - INFO - Database connections closed
2026-05-02 02:40:23,353 - services.database - DEBUG - [DB_OP] Database close completed in 0.1988s
