2026-05-02 01:24:51,253 - main - INFO - === Logging system initialized ===
2026-05-02 01:24:51,254 - main - INFO - Log file: logs/app_20260502_012451.log
2026-05-02 01:24:51,254 - main - INFO - Log level: INFO
2026-05-02 01:24:51,254 - main - INFO - Timestamp: 20260502_012451
2026-05-02 01:24:52,571 - main - INFO - Included router: routers.aihub.router
2026-05-02 01:24:52,592 - main - INFO - Included router: routers.auth.router
2026-05-02 01:24:52,650 - main - INFO - Included router: routers.camera_streams.router
2026-05-02 01:24:52,690 - main - INFO - Included router: routers.environment_groups.router
2026-05-02 01:24:52,733 - main - INFO - Included router: routers.facial_recognition_records.router
2026-05-02 01:24:52,736 - main - INFO - Included router: routers.health.router
2026-05-02 01:24:52,778 - main - INFO - Included router: routers.monitoring_events.router
2026-05-02 01:24:52,821 - main - INFO - Included router: routers.monitoring_zones.router
2026-05-02 01:24:52,862 - main - INFO - Included router: routers.sector_group_assignments.router
2026-05-02 01:24:52,908 - main - INFO - Included router: routers.sectors.router
2026-05-02 01:24:52,931 - main - INFO - Included router: routers.settings.router
2026-05-02 01:24:52,981 - main - INFO - Included router: routers.storage.router
2026-05-02 01:24:53,095 - main - INFO - Included router: routers.user.router
2026-05-02 01:24:53,098 - main - INFO - === Application startup initiated ===
2026-05-02 01:24:53,098 - services.database - INFO - Ignore creating tables
2026-05-02 01:24:53,099 - services.mock_data - INFO - Ignore initialize data
2026-05-02 01:24:53,099 - services.auth - INFO - Ignore initialize admin
2026-05-02 01:24:53,100 - main - INFO - === Application startup completed successfully ===
2026-05-02 01:24:57,627 - core.database - DEBUG - [DB_OP] Starting get_db session creation
2026-05-02 01:24:57,627 - core.database - WARNING - Database session maker not available, attempting lazy initialization...
2026-05-02 01:24:57,628 - core.database - WARNING - Database not initialized, attempting lazy initialization...
2026-05-02 01:24:57,628 - core.database - INFO - Starting database initialization...
2026-05-02 01:24:57,628 - core.config - DEBUG - Read dynamic attribute database_url from environment variable DATABASE_URL
2026-05-02 01:24:57,628 - core.database - INFO - Normalizing database URL for async compatibility...
2026-05-02 01:24:57,629 - core.database - INFO - Creating async database engine...
2026-05-02 01:24:57,629 - core.database - INFO - Using QueuePool with connection pooling for non-Lambda environment
2026-05-02 01:24:57,691 - core.database - INFO - Database engine created successfully
2026-05-02 01:24:57,692 - core.database - INFO - Creating async session maker...
2026-05-02 01:24:57,692 - core.database - INFO - Async session maker created successfully
2026-05-02 01:24:57,692 - core.database - INFO - Database connection initialized successfully
2026-05-02 01:24:57,692 - core.database - DEBUG - [DB_OP] Starting create_tables
2026-05-02 01:24:57,692 - core.database - INFO - 🔧 Starting table creation...
2026-05-02 01:24:57,701 - core.database - DEBUG - [DB_OP] Starting get_db session creation
2026-05-02 01:24:57,701 - core.database - DEBUG - [DB_OP] Database session created successfully in 0.0005s
2026-05-02 01:24:57,702 - routers.monitoring_zones - DEBUG - Querying monitoring_zoness: query={}, sort=None, skip=0, limit=50, fields=None
2026-05-02 01:24:59,102 - routers.monitoring_zones - DEBUG - Found 6 monitoring_zoness
2026-05-02 01:24:59,103 - core.database - DEBUG - [DB_OP] Database session cleanup after 1.4027s
2026-05-02 01:24:59,493 - core.database - INFO - Tables initialized successfully
2026-05-02 01:24:59,494 - core.database - DEBUG - [DB_OP] Create tables completed in 1.8015s
2026-05-02 01:24:59,557 - core.database - INFO - Lazy database initialization completed successfully
2026-05-02 01:24:59,558 - core.database - DEBUG - [DB_OP] Database session created successfully in 1.9308s
2026-05-02 01:24:59,558 - routers.monitoring_events - DEBUG - Querying monitoring_eventss: query={}, sort=-timestamp, skip=0, limit=500, fields=None
2026-05-02 01:25:00,200 - routers.monitoring_events - DEBUG - Found 30 monitoring_eventss
2026-05-02 01:25:00,202 - core.database - DEBUG - [DB_OP] Database session cleanup after 2.5749s
2026-05-02 01:26:20,699 - core.database - DEBUG - [DB_OP] Starting get_db session creation
2026-05-02 01:26:20,700 - core.database - DEBUG - [DB_OP] Database session created successfully in 0.0005s
2026-05-02 01:26:20,700 - routers.monitoring_events - DEBUG - Querying monitoring_eventss: query={}, sort=-timestamp, skip=0, limit=20, fields=None
2026-05-02 01:26:20,724 - core.database - DEBUG - [DB_OP] Starting get_db session creation
2026-05-02 01:26:20,725 - core.database - DEBUG - [DB_OP] Database session created successfully in 0.0007s
2026-05-02 01:26:20,725 - routers.camera_streams - DEBUG - Querying camera_streamss: query={}, sort=None, skip=0, limit=50, fields=None
2026-05-02 01:26:20,729 - core.database - DEBUG - [DB_OP] Starting get_db session creation
2026-05-02 01:26:20,730 - core.database - DEBUG - [DB_OP] Database session created successfully in 0.0007s
2026-05-02 01:26:20,730 - routers.monitoring_zones - DEBUG - Querying monitoring_zoness: query={}, sort=None, skip=0, limit=50, fields=None
2026-05-02 01:26:21,237 - routers.camera_streams - DEBUG - Found 6 camera_streamss
2026-05-02 01:26:21,238 - core.database - DEBUG - [DB_OP] Database session cleanup after 0.5142s
2026-05-02 01:26:21,337 - routers.monitoring_events - DEBUG - Found 30 monitoring_eventss
2026-05-02 01:26:21,339 - core.database - DEBUG - [DB_OP] Database session cleanup after 0.6394s
2026-05-02 01:26:21,469 - routers.monitoring_zones - DEBUG - Found 6 monitoring_zoness
2026-05-02 01:26:21,470 - core.database - DEBUG - [DB_OP] Database session cleanup after 0.7411s
2026-05-02 01:26:40,044 - core.database - DEBUG - [DB_OP] Starting get_db session creation
2026-05-02 01:26:40,044 - core.database - DEBUG - [DB_OP] Database session created successfully in 0.0006s
2026-05-02 01:26:40,045 - routers.monitoring_zones - DEBUG - Querying monitoring_zoness: query={}, sort=None, skip=0, limit=50, fields=None
2026-05-02 01:26:40,046 - core.database - DEBUG - [DB_OP] Starting get_db session creation
2026-05-02 01:26:40,047 - core.database - DEBUG - [DB_OP] Database session created successfully in 0.0003s
2026-05-02 01:26:40,047 - routers.camera_streams - DEBUG - Querying camera_streamss: query={}, sort=None, skip=0, limit=50, fields=None
2026-05-02 01:26:40,428 - routers.monitoring_zones - DEBUG - Found 6 monitoring_zoness
2026-05-02 01:26:40,429 - core.database - DEBUG - [DB_OP] Database session cleanup after 0.3853s
2026-05-02 01:26:40,557 - routers.camera_streams - DEBUG - Found 6 camera_streamss
2026-05-02 01:26:40,558 - core.database - DEBUG - [DB_OP] Database session cleanup after 0.5116s
2026-05-02 01:28:30,856 - core.database - DEBUG - [DB_OP] Starting get_db session creation
2026-05-02 01:28:30,857 - core.database - DEBUG - [DB_OP] Database session created successfully in 0.0005s
2026-05-02 01:28:30,857 - routers.monitoring_events - DEBUG - Querying monitoring_eventss: query={}, sort=-timestamp, skip=0, limit=500, fields=None
2026-05-02 01:28:30,939 - core.database - DEBUG - [DB_OP] Starting get_db session creation
2026-05-02 01:28:30,940 - core.database - DEBUG - [DB_OP] Database session created successfully in 0.0005s
2026-05-02 01:28:30,940 - routers.monitoring_zones - DEBUG - Querying monitoring_zoness: query={}, sort=None, skip=0, limit=50, fields=None
2026-05-02 01:28:31,322 - routers.monitoring_zones - DEBUG - Found 6 monitoring_zoness
2026-05-02 01:28:31,323 - core.database - DEBUG - [DB_OP] Database session cleanup after 0.3833s
2026-05-02 01:28:31,489 - routers.monitoring_events - DEBUG - Found 30 monitoring_eventss
2026-05-02 01:28:31,490 - core.database - DEBUG - [DB_OP] Database session cleanup after 0.6339s
2026-05-02 01:35:01,527 - core.database - DEBUG - [DB_OP] Starting get_db session creation
2026-05-02 01:35:01,528 - core.database - DEBUG - [DB_OP] Database session created successfully in 0.0004s
2026-05-02 01:35:01,528 - routers.monitoring_events - DEBUG - Querying monitoring_eventss: query={}, sort=-timestamp, skip=0, limit=500, fields=None
2026-05-02 01:35:01,530 - core.database - DEBUG - [DB_OP] Starting get_db session creation
2026-05-02 01:35:01,530 - core.database - DEBUG - [DB_OP] Database session created successfully in 0.0002s
2026-05-02 01:35:01,530 - routers.monitoring_zones - DEBUG - Querying monitoring_zoness: query={}, sort=None, skip=0, limit=50, fields=None
2026-05-02 01:35:03,329 - routers.monitoring_zones - DEBUG - Found 6 monitoring_zoness
2026-05-02 01:35:03,330 - core.database - DEBUG - [DB_OP] Database session cleanup after 1.8007s
2026-05-02 01:35:03,390 - routers.monitoring_events - DEBUG - Found 30 monitoring_eventss
2026-05-02 01:35:03,392 - core.database - DEBUG - [DB_OP] Database session cleanup after 1.8644s
2026-05-02 01:35:37,818 - core.database - DEBUG - [DB_OP] Starting get_db session creation
2026-05-02 01:35:37,818 - core.database - DEBUG - [DB_OP] Database session created successfully in 0.0004s
2026-05-02 01:35:37,818 - routers.monitoring_events - DEBUG - Querying monitoring_eventss: query={}, sort=-timestamp, skip=0, limit=500, fields=None
2026-05-02 01:35:37,819 - core.database - DEBUG - [DB_OP] Starting get_db session creation
2026-05-02 01:35:37,820 - core.database - DEBUG - [DB_OP] Database session created successfully in 0.0002s
2026-05-02 01:35:37,820 - routers.monitoring_zones - DEBUG - Querying monitoring_zoness: query={}, sort=None, skip=0, limit=50, fields=None
2026-05-02 01:35:38,263 - routers.monitoring_zones - DEBUG - Found 6 monitoring_zoness
2026-05-02 01:35:38,264 - core.database - DEBUG - [DB_OP] Database session cleanup after 0.4442s
2026-05-02 01:35:38,627 - routers.monitoring_events - DEBUG - Found 30 monitoring_eventss
2026-05-02 01:35:38,629 - core.database - DEBUG - [DB_OP] Database session cleanup after 0.8109s
2026-05-02 01:35:48,728 - core.database - DEBUG - [DB_OP] Starting get_db session creation
2026-05-02 01:35:48,729 - core.database - DEBUG - [DB_OP] Database session created successfully in 0.0005s
2026-05-02 01:35:48,729 - routers.monitoring_events - DEBUG - Querying monitoring_eventss: query={}, sort=-timestamp, skip=0, limit=500, fields=None
2026-05-02 01:35:48,731 - core.database - DEBUG - [DB_OP] Starting get_db session creation
2026-05-02 01:35:48,731 - core.database - DEBUG - [DB_OP] Database session created successfully in 0.0004s
2026-05-02 01:35:48,732 - routers.monitoring_zones - DEBUG - Querying monitoring_zoness: query={}, sort=None, skip=0, limit=50, fields=None
2026-05-02 01:35:49,110 - routers.monitoring_zones - DEBUG - Found 6 monitoring_zoness
2026-05-02 01:35:49,111 - core.database - DEBUG - [DB_OP] Database session cleanup after 0.3803s
2026-05-02 01:35:49,232 - routers.monitoring_events - DEBUG - Found 30 monitoring_eventss
2026-05-02 01:35:49,233 - core.database - DEBUG - [DB_OP] Database session cleanup after 0.5047s
2026-05-02 01:36:20,909 - services.database - DEBUG - [DB_OP] Starting database close
2026-05-02 01:36:21,108 - core.database - INFO - Database connection closed and engine disposed
2026-05-02 01:36:21,108 - services.database - INFO - Database connections closed
2026-05-02 01:36:21,108 - services.database - DEBUG - [DB_OP] Database close completed in 0.1989s
