2026-05-01 17:36:31,399 - main - INFO - === Logging system initialized ===
2026-05-01 17:36:31,399 - main - INFO - Log file: logs/app_20260501_173631.log
2026-05-01 17:36:31,399 - main - INFO - Log level: INFO
2026-05-01 17:36:31,399 - main - INFO - Timestamp: 20260501_173631
2026-05-01 17:36:32,546 - main - INFO - Included router: routers.aihub.router
2026-05-01 17:36:32,572 - main - INFO - Included router: routers.auth.router
2026-05-01 17:36:32,577 - main - INFO - Included router: routers.health.router
2026-05-01 17:36:32,664 - main - INFO - Included router: routers.monitoring_events.router
2026-05-01 17:36:32,759 - main - INFO - Included router: routers.monitoring_zones.router
2026-05-01 17:36:32,783 - main - INFO - Included router: routers.settings.router
2026-05-01 17:36:32,819 - main - INFO - Included router: routers.storage.router
2026-05-01 17:36:32,830 - main - INFO - Included router: routers.user.router
2026-05-01 17:36:32,831 - main - INFO - === Application startup initiated ===
2026-05-01 17:36:32,832 - services.database - INFO - Ignore creating tables
2026-05-01 17:36:32,832 - services.mock_data - INFO - Ignore initialize data
2026-05-01 17:36:32,832 - services.auth - INFO - Ignore initialize admin
2026-05-01 17:36:32,832 - main - INFO - === Application startup completed successfully ===
2026-05-01 17:36:37,865 - core.database - DEBUG - [DB_OP] Starting get_db session creation
2026-05-01 17:36:37,865 - core.database - WARNING - Database session maker not available, attempting lazy initialization...
2026-05-01 17:36:37,866 - core.database - WARNING - Database not initialized, attempting lazy initialization...
2026-05-01 17:36:37,866 - core.database - INFO - Starting database initialization...
2026-05-01 17:36:37,866 - core.config - DEBUG - Read dynamic attribute database_url from environment variable DATABASE_URL
2026-05-01 17:36:37,866 - core.database - INFO - Normalizing database URL for async compatibility...
2026-05-01 17:36:37,867 - core.database - INFO - Creating async database engine...
2026-05-01 17:36:37,867 - core.database - INFO - Using QueuePool with connection pooling for non-Lambda environment
2026-05-01 17:36:37,913 - core.database - INFO - Database engine created successfully
2026-05-01 17:36:37,913 - core.database - INFO - Creating async session maker...
2026-05-01 17:36:37,913 - core.database - INFO - Async session maker created successfully
2026-05-01 17:36:37,913 - core.database - INFO - Database connection initialized successfully
2026-05-01 17:36:37,913 - core.database - DEBUG - [DB_OP] Starting create_tables
2026-05-01 17:36:37,913 - core.database - INFO - 🔧 Starting table creation...
2026-05-01 17:36:37,919 - core.database - DEBUG - [DB_OP] Starting get_db session creation
2026-05-01 17:36:37,920 - core.database - DEBUG - [DB_OP] Database session created successfully in 0.0005s
2026-05-01 17:36:37,920 - routers.monitoring_events - DEBUG - Querying monitoring_eventss: query={}, sort=-timestamp, skip=0, limit=500, fields=None
2026-05-01 17:36:39,355 - core.database - INFO - Tables initialized successfully
2026-05-01 17:36:39,356 - core.database - DEBUG - [DB_OP] Create tables completed in 1.4422s
2026-05-01 17:36:39,359 - routers.monitoring_events - DEBUG - Found 30 monitoring_eventss
2026-05-01 17:36:39,360 - core.database - DEBUG - [DB_OP] Database session cleanup after 1.4412s
2026-05-01 17:36:39,419 - core.database - INFO - Lazy database initialization completed successfully
2026-05-01 17:36:39,420 - core.database - DEBUG - [DB_OP] Database session created successfully in 1.5543s
2026-05-01 17:36:39,420 - routers.monitoring_zones - DEBUG - Querying monitoring_zoness: query={}, sort=None, skip=0, limit=50, fields=None
2026-05-01 17:36:40,007 - routers.monitoring_zones - DEBUG - Found 6 monitoring_zoness
2026-05-01 17:36:40,008 - core.database - DEBUG - [DB_OP] Database session cleanup after 2.1427s
2026-05-01 17:36:40,141 - services.database - DEBUG - [DB_OP] Starting database close
2026-05-01 17:36:40,272 - core.database - INFO - Database connection closed and engine disposed
2026-05-01 17:36:40,273 - services.database - INFO - Database connections closed
2026-05-01 17:36:40,273 - services.database - DEBUG - [DB_OP] Database close completed in 0.1319s
