2026-05-02 02:40:35,612 - main - INFO - === Logging system initialized ===
2026-05-02 02:40:35,612 - main - INFO - Log file: logs/app_20260502_024035.log
2026-05-02 02:40:35,612 - main - INFO - Log level: INFO
2026-05-02 02:40:35,613 - main - INFO - Timestamp: 20260502_024035
2026-05-02 02:40:36,993 - main - INFO - Included router: routers.aihub.router
2026-05-02 02:40:37,013 - main - INFO - Included router: routers.auth.router
2026-05-02 02:40:37,090 - main - INFO - Included router: routers.camera_streams.router
2026-05-02 02:40:37,140 - main - INFO - Included router: routers.environment_groups.router
2026-05-02 02:40:37,197 - main - INFO - Included router: routers.facial_recognition_records.router
2026-05-02 02:40:37,200 - main - INFO - Included router: routers.health.router
2026-05-02 02:40:37,248 - main - INFO - Included router: routers.monitoring_events.router
2026-05-02 02:40:37,296 - main - INFO - Included router: routers.monitoring_zones.router
2026-05-02 02:40:37,348 - main - INFO - Included router: routers.sector_group_assignments.router
2026-05-02 02:40:37,403 - main - INFO - Included router: routers.sectors.router
2026-05-02 02:40:37,428 - main - INFO - Included router: routers.settings.router
2026-05-02 02:40:37,479 - main - INFO - Included router: routers.storage.router
2026-05-02 02:40:37,598 - main - INFO - Included router: routers.user.router
2026-05-02 02:40:37,599 - main - INFO - === Application startup initiated ===
2026-05-02 02:40:37,600 - services.database - INFO - Ignore creating tables
2026-05-02 02:40:37,600 - services.mock_data - INFO - Ignore initialize data
2026-05-02 02:40:37,600 - services.auth - INFO - Ignore initialize admin
2026-05-02 02:40:37,600 - main - INFO - === Application startup completed successfully ===
2026-05-02 02:40:42,485 - core.database - DEBUG - [DB_OP] Starting get_db session creation
2026-05-02 02:40:42,486 - core.database - WARNING - Database session maker not available, attempting lazy initialization...
2026-05-02 02:40:42,487 - core.database - WARNING - Database not initialized, attempting lazy initialization...
2026-05-02 02:40:42,487 - core.database - INFO - Starting database initialization...
2026-05-02 02:40:42,487 - core.config - DEBUG - Read dynamic attribute database_url from environment variable DATABASE_URL
2026-05-02 02:40:42,487 - core.database - INFO - Normalizing database URL for async compatibility...
2026-05-02 02:40:42,488 - core.database - INFO - Creating async database engine...
2026-05-02 02:40:42,489 - core.database - INFO - Using QueuePool with connection pooling for non-Lambda environment
2026-05-02 02:40:42,536 - core.database - INFO - Database engine created successfully
2026-05-02 02:40:42,536 - core.database - INFO - Creating async session maker...
2026-05-02 02:40:42,536 - core.database - INFO - Async session maker created successfully
2026-05-02 02:40:42,536 - core.database - INFO - Database connection initialized successfully
2026-05-02 02:40:42,536 - core.database - DEBUG - [DB_OP] Starting create_tables
2026-05-02 02:40:42,536 - core.database - INFO - 🔧 Starting table creation...
2026-05-02 02:40:42,543 - core.database - DEBUG - [DB_OP] Starting get_db session creation
2026-05-02 02:40:42,544 - core.database - DEBUG - [DB_OP] Database session created successfully in 0.0004s
2026-05-02 02:40:42,544 - routers.monitoring_zones - DEBUG - Querying monitoring_zoness: query={}, sort=None, skip=0, limit=50, fields=None
2026-05-02 02:40:43,919 - routers.monitoring_zones - DEBUG - Found 6 monitoring_zoness
2026-05-02 02:40:43,920 - core.database - DEBUG - [DB_OP] Database session cleanup after 1.3765s
2026-05-02 02:40:44,282 - core.database - INFO - Tables initialized successfully
2026-05-02 02:40:44,283 - core.database - DEBUG - [DB_OP] Create tables completed in 1.7467s
2026-05-02 02:40:44,346 - core.database - INFO - Lazy database initialization completed successfully
2026-05-02 02:40:44,346 - core.database - DEBUG - [DB_OP] Database session created successfully in 1.8607s
2026-05-02 02:40:44,347 - routers.monitoring_events - DEBUG - Querying monitoring_eventss: query={}, sort=-timestamp, skip=0, limit=500, fields=None
2026-05-02 02:40:44,986 - routers.monitoring_events - DEBUG - Found 30 monitoring_eventss
2026-05-02 02:40:44,988 - core.database - DEBUG - [DB_OP] Database session cleanup after 2.5024s
2026-05-02 02:40:54,693 - services.database - DEBUG - [DB_OP] Starting database close
2026-05-02 02:40:54,830 - core.database - INFO - Database connection closed and engine disposed
2026-05-02 02:40:54,830 - services.database - INFO - Database connections closed
2026-05-02 02:40:54,831 - services.database - DEBUG - [DB_OP] Database close completed in 0.1373s
