2026-05-02 03:53:50,885 - main - INFO - === Logging system initialized ===
2026-05-02 03:53:50,885 - main - INFO - Log file: logs/app_20260502_035350.log
2026-05-02 03:53:50,885 - main - INFO - Log level: INFO
2026-05-02 03:53:50,885 - main - INFO - Timestamp: 20260502_035350
2026-05-02 03:53:52,076 - main - INFO - Included router: routers.aihub.router
2026-05-02 03:53:52,099 - main - INFO - Included router: routers.auth.router
2026-05-02 03:53:52,149 - main - INFO - Included router: routers.camera_streams.router
2026-05-02 03:53:52,194 - main - INFO - Included router: routers.environment_groups.router
2026-05-02 03:53:52,245 - main - INFO - Included router: routers.facial_recognition_records.router
2026-05-02 03:53:52,248 - main - INFO - Included router: routers.health.router
2026-05-02 03:53:52,293 - main - INFO - Included router: routers.monitoring_events.router
2026-05-02 03:53:52,340 - main - INFO - Included router: routers.monitoring_zones.router
2026-05-02 03:53:52,348 - main - INFO - Included router: routers.rtsp_snapshot.router
2026-05-02 03:53:52,391 - main - INFO - Included router: routers.sector_group_assignments.router
2026-05-02 03:53:52,444 - main - INFO - Included router: routers.sectors.router
2026-05-02 03:53:52,468 - main - INFO - Included router: routers.settings.router
2026-05-02 03:53:52,602 - main - INFO - Included router: routers.storage.router
2026-05-02 03:53:52,625 - main - INFO - Included router: routers.stream_converter.router
2026-05-02 03:53:52,636 - main - INFO - Included router: routers.user.router
2026-05-02 03:53:52,637 - main - INFO - === Application startup initiated ===
2026-05-02 03:53:52,637 - services.database - INFO - Ignore creating tables
2026-05-02 03:53:52,637 - services.mock_data - INFO - Ignore initialize data
2026-05-02 03:53:52,637 - services.auth - INFO - Ignore initialize admin
2026-05-02 03:53:52,638 - main - INFO - === Application startup completed successfully ===
2026-05-02 03:53:54,444 - services.database - DEBUG - [DB_OP] Starting database close
2026-05-02 03:53:54,444 - services.database - INFO - Database connections closed
2026-05-02 03:53:54,444 - services.database - DEBUG - [DB_OP] Database close completed in 0.0003s
