2026-05-02 04:26:56,723 - main - INFO - === Logging system initialized ===
2026-05-02 04:26:56,723 - main - INFO - Log file: logs/app_20260502_042656.log
2026-05-02 04:26:56,723 - main - INFO - Log level: INFO
2026-05-02 04:26:56,723 - main - INFO - Timestamp: 20260502_042656
2026-05-02 04:26:57,661 - main - INFO - Included router: routers.aihub.router
2026-05-02 04:26:57,679 - main - INFO - Included router: routers.auth.router
2026-05-02 04:26:57,725 - main - INFO - Included router: routers.camera_streams.router
2026-05-02 04:26:57,763 - main - INFO - Included router: routers.environment_groups.router
2026-05-02 04:26:57,805 - main - INFO - Included router: routers.facial_recognition_records.router
2026-05-02 04:26:57,807 - main - INFO - Included router: routers.health.router
2026-05-02 04:26:57,846 - main - INFO - Included router: routers.monitoring_events.router
2026-05-02 04:26:57,885 - main - INFO - Included router: routers.monitoring_zones.router
2026-05-02 04:26:57,892 - main - INFO - Included router: routers.rtsp_snapshot.router
2026-05-02 04:26:57,930 - main - INFO - Included router: routers.sector_group_assignments.router
2026-05-02 04:26:57,974 - main - INFO - Included router: routers.sectors.router
2026-05-02 04:26:57,996 - main - INFO - Included router: routers.settings.router
2026-05-02 04:26:58,187 - main - INFO - Included router: routers.storage.router
2026-05-02 04:26:58,225 - main - INFO - Included router: routers.stream_converter.router
2026-05-02 04:26:58,234 - main - INFO - Included router: routers.user.router
2026-05-02 04:26:58,239 - main - WARNING - Failed to import module 'routers.yolo_detection': No module named 'cv2'
2026-05-02 04:26:58,241 - main - INFO - === Application startup initiated ===
2026-05-02 04:26:58,241 - services.database - INFO - Ignore creating tables
2026-05-02 04:26:58,241 - services.mock_data - INFO - Ignore initialize data
2026-05-02 04:26:58,241 - services.auth - INFO - Ignore initialize admin
2026-05-02 04:26:58,241 - main - INFO - === Application startup completed successfully ===
2026-05-02 04:38:21,901 - core.database - DEBUG - [DB_OP] Starting get_db session creation
2026-05-02 04:38:21,901 - core.database - WARNING - Database session maker not available, attempting lazy initialization...
2026-05-02 04:38:21,901 - core.database - WARNING - Database not initialized, attempting lazy initialization...
2026-05-02 04:38:21,901 - core.database - INFO - Starting database initialization...
2026-05-02 04:38:21,901 - core.config - DEBUG - Read dynamic attribute database_url from environment variable DATABASE_URL
2026-05-02 04:38:21,901 - core.database - INFO - Normalizing database URL for async compatibility...
2026-05-02 04:38:21,902 - core.database - INFO - Creating async database engine...
2026-05-02 04:38:21,902 - core.database - INFO - Using QueuePool with connection pooling for non-Lambda environment
2026-05-02 04:39:17,378 - core.database - INFO - Database engine created successfully
2026-05-02 04:39:17,378 - core.database - INFO - Creating async session maker...
2026-05-02 04:39:17,378 - core.database - INFO - Async session maker created successfully
2026-05-02 04:39:17,378 - core.database - INFO - Database connection initialized successfully
2026-05-02 04:39:17,378 - core.database - DEBUG - [DB_OP] Starting create_tables
2026-05-02 04:39:17,379 - core.database - INFO - 🔧 Starting table creation...
2026-05-02 04:39:38,531 - core.database - DEBUG - [DB_OP] Starting get_db session creation
2026-05-02 04:39:38,531 - core.database - DEBUG - [DB_OP] Database session created successfully in 0.0005s
2026-05-02 04:39:38,532 - routers.monitoring_zones - DEBUG - Querying monitoring_zoness: query={}, sort=None, skip=0, limit=50, fields=None
2026-05-02 04:40:35,191 - routers.monitoring_zones - DEBUG - Found 6 monitoring_zoness
2026-05-02 04:40:35,192 - core.database - DEBUG - [DB_OP] Database session cleanup after 56.6615s
2026-05-02 04:40:51,244 - core.database - INFO - Tables initialized successfully
2026-05-02 04:40:51,244 - core.database - DEBUG - [DB_OP] Create tables completed in 93.8660s
2026-05-02 04:40:53,920 - core.database - INFO - Lazy database initialization completed successfully
2026-05-02 04:40:53,921 - core.database - DEBUG - [DB_OP] Database session created successfully in 152.0201s
2026-05-02 04:40:53,921 - routers.monitoring_events - DEBUG - Querying monitoring_eventss: query={}, sort=-timestamp, skip=0, limit=500, fields=None
2026-05-02 04:41:20,791 - routers.monitoring_events - DEBUG - Found 30 monitoring_eventss
2026-05-02 04:41:20,792 - core.database - DEBUG - [DB_OP] Database session cleanup after 178.8914s
